<?xml version="1.0" encoding="UTF-8"?>
<!-- Generated by org.testng.reporters.JUnitXMLReporter -->
<testsuite ignored="4" hostname="cogalk0" failures="0" tests="5" name="Command line test" time="210.069" errors="0" timestamp="2026-02-12T16:37:54 IST">
  <testcase classname="tests.HomepageTest" name="homepageComponentValidation" time="117.83"/>
  <testcase classname="tests.CookiesTest" name="acceptCookiesTest" time="3.212"/>
  <testcase classname="tests.CookiesTest" name="customCookiesTest" time="4.425"/>
  <testcase classname="tests.CookiesTest" name="rejectCookiesTest" time="8.055"/>
  <testcase classname="tests.SitemapTest" name="validateSitemap" time="7.675"/>
  <testcase classname="base.BaseTest" name="@BeforeSuite startConsoleCapture" time="0.0">
    <ignored/>
  </testcase> <!-- @BeforeSuite startConsoleCapture -->
  <testcase classname="base.BaseTest" name="@BeforeSuite startConsoleCapture" time="0.0">
    <ignored/>
  </testcase> <!-- @BeforeSuite startConsoleCapture -->
  <testcase classname="base.BaseTest" name="@AfterSuite sendTestReportEmail" time="0.0">
    <ignored/>
  </testcase> <!-- @AfterSuite sendTestReportEmail -->
  <testcase classname="base.BaseTest" name="@AfterSuite sendTestReportEmail" time="0.0">
    <ignored/>
  </testcase> <!-- @AfterSuite sendTestReportEmail -->
</testsuite> <!-- Command line test -->
