<?xml version="1.0" encoding="UTF-8"?>
<testng-results ignored="0" total="5" passed="5" failed="0" skipped="0">
  <reporter-output>
  </reporter-output>
  <suite started-at="2026-02-12T16:34:24 IST" name="Command line suite" finished-at="2026-02-12T16:37:54 IST" duration-ms="210069">
    <groups>
    </groups>
    <test started-at="2026-02-12T16:34:24 IST" name="Command line test" finished-at="2026-02-12T16:37:54 IST" duration-ms="210069">
      <class name="tests.SitemapTest">
        <test-method is-config="true" signature="setUp()[pri:0, instance:tests.SitemapTest@52102734]" started-at="2026-02-12T16:37:33 IST" name="setUp" finished-at="2026-02-12T16:37:46 IST" duration-ms="12911" status="PASS">
          <reporter-output>
          </reporter-output>
        </test-method> <!-- setUp -->
        <test-method signature="validateSitemap()[pri:0, instance:tests.SitemapTest@52102734]" started-at="2026-02-12T16:37:46 IST" name="validateSitemap" finished-at="2026-02-12T16:37:54 IST" duration-ms="7675" status="PASS">
          <reporter-output>
          </reporter-output>
        </test-method> <!-- validateSitemap -->
        <test-method is-config="true" signature="tearDown(org.testng.ITestResult)[pri:0, instance:tests.SitemapTest@52102734]" started-at="2026-02-12T16:37:54 IST" name="tearDown" finished-at="2026-02-12T16:37:54 IST" duration-ms="187" status="PASS">
          <params>
            <param index="0">
              <value>
                <![CDATA[[TestResult name=validateSitemap status=SUCCESS method=SitemapTest.validateSitemap()[pri:0, instance:tests.SitemapTest@52102734] output={null}]]]>
              </value>
            </param>
          </params>
          <reporter-output>
          </reporter-output>
        </test-method> <!-- tearDown -->
      </class> <!-- tests.SitemapTest -->
      <class name="tests.HomepageTest">
        <test-method is-config="true" signature="startConsoleCapture()[pri:0, instance:tests.HomepageTest@574b560f]" started-at="2026-02-12T16:34:24 IST" name="startConsoleCapture" finished-at="2026-02-12T16:34:24 IST" duration-ms="4" status="PASS">
          <reporter-output>
          </reporter-output>
        </test-method> <!-- startConsoleCapture -->
        <test-method is-config="true" signature="setUp()[pri:0, instance:tests.HomepageTest@574b560f]" started-at="2026-02-12T16:34:24 IST" name="setUp" finished-at="2026-02-12T16:34:45 IST" duration-ms="20757" status="PASS">
          <reporter-output>
          </reporter-output>
        </test-method> <!-- setUp -->
        <test-method signature="homepageComponentValidation()[pri:0, instance:tests.HomepageTest@574b560f]" started-at="2026-02-12T16:34:45 IST" name="homepageComponentValidation" finished-at="2026-02-12T16:36:42 IST" duration-ms="117830" status="PASS">
          <reporter-output>
          </reporter-output>
        </test-method> <!-- homepageComponentValidation -->
        <test-method is-config="true" signature="tearDown(org.testng.ITestResult)[pri:0, instance:tests.HomepageTest@574b560f]" started-at="2026-02-12T16:36:42 IST" name="tearDown" finished-at="2026-02-12T16:36:43 IST" duration-ms="476" status="PASS">
          <params>
            <param index="0">
              <value>
                <![CDATA[[TestResult name=homepageComponentValidation status=SUCCESS method=HomepageTest.homepageComponentValidation()[pri:0, instance:tests.HomepageTest@574b560f] output={null}]]]>
              </value>
            </param>
          </params>
          <reporter-output>
          </reporter-output>
        </test-method> <!-- tearDown -->
        <test-method is-config="true" signature="sendTestReportEmail()[pri:0, instance:tests.HomepageTest@574b560f]" started-at="2026-02-12T16:37:54 IST" name="sendTestReportEmail" finished-at="2026-02-12T16:37:57 IST" duration-ms="2695" status="PASS">
          <reporter-output>
          </reporter-output>
        </test-method> <!-- sendTestReportEmail -->
      </class> <!-- tests.HomepageTest -->
      <class name="tests.CookiesTest">
        <test-method is-config="true" signature="setUp()[pri:0, instance:tests.CookiesTest@4f67eb2a]" started-at="2026-02-12T16:36:43 IST" name="setUp" finished-at="2026-02-12T16:36:55 IST" duration-ms="12070" status="PASS">
          <reporter-output>
          </reporter-output>
        </test-method> <!-- setUp -->
        <test-method signature="acceptCookiesTest()[pri:0, instance:tests.CookiesTest@4f67eb2a]" started-at="2026-02-12T16:36:55 IST" name="acceptCookiesTest" finished-at="2026-02-12T16:36:58 IST" duration-ms="3212" status="PASS">
          <reporter-output>
          </reporter-output>
        </test-method> <!-- acceptCookiesTest -->
        <test-method is-config="true" signature="tearDown(org.testng.ITestResult)[pri:0, instance:tests.CookiesTest@4f67eb2a]" started-at="2026-02-12T16:36:58 IST" name="tearDown" finished-at="2026-02-12T16:36:58 IST" duration-ms="313" status="PASS">
          <params>
            <param index="0">
              <value>
                <![CDATA[[TestResult name=acceptCookiesTest status=SUCCESS method=CookiesTest.acceptCookiesTest()[pri:0, instance:tests.CookiesTest@4f67eb2a] output={null}]]]>
              </value>
            </param>
          </params>
          <reporter-output>
          </reporter-output>
        </test-method> <!-- tearDown -->
        <test-method is-config="true" signature="setUp()[pri:0, instance:tests.CookiesTest@4f67eb2a]" started-at="2026-02-12T16:36:58 IST" name="setUp" finished-at="2026-02-12T16:37:10 IST" duration-ms="11494" status="PASS">
          <reporter-output>
          </reporter-output>
        </test-method> <!-- setUp -->
        <test-method signature="customCookiesTest()[pri:0, instance:tests.CookiesTest@4f67eb2a]" started-at="2026-02-12T16:37:10 IST" name="customCookiesTest" finished-at="2026-02-12T16:37:14 IST" duration-ms="4425" status="PASS">
          <reporter-output>
          </reporter-output>
        </test-method> <!-- customCookiesTest -->
        <test-method is-config="true" signature="tearDown(org.testng.ITestResult)[pri:0, instance:tests.CookiesTest@4f67eb2a]" started-at="2026-02-12T16:37:14 IST" name="tearDown" finished-at="2026-02-12T16:37:15 IST" duration-ms="260" status="PASS">
          <params>
            <param index="0">
              <value>
                <![CDATA[[TestResult name=customCookiesTest status=SUCCESS method=CookiesTest.customCookiesTest()[pri:0, instance:tests.CookiesTest@4f67eb2a] output={null}]]]>
              </value>
            </param>
          </params>
          <reporter-output>
          </reporter-output>
        </test-method> <!-- tearDown -->
        <test-method is-config="true" signature="setUp()[pri:0, instance:tests.CookiesTest@4f67eb2a]" started-at="2026-02-12T16:37:15 IST" name="setUp" finished-at="2026-02-12T16:37:25 IST" duration-ms="9973" status="PASS">
          <reporter-output>
          </reporter-output>
        </test-method> <!-- setUp -->
        <test-method signature="rejectCookiesTest()[pri:0, instance:tests.CookiesTest@4f67eb2a]" started-at="2026-02-12T16:37:25 IST" name="rejectCookiesTest" finished-at="2026-02-12T16:37:33 IST" duration-ms="8055" status="PASS">
          <reporter-output>
          </reporter-output>
        </test-method> <!-- rejectCookiesTest -->
        <test-method is-config="true" signature="tearDown(org.testng.ITestResult)[pri:0, instance:tests.CookiesTest@4f67eb2a]" started-at="2026-02-12T16:37:33 IST" name="tearDown" finished-at="2026-02-12T16:37:33 IST" duration-ms="417" status="PASS">
          <params>
            <param index="0">
              <value>
                <![CDATA[[TestResult name=rejectCookiesTest status=SUCCESS method=CookiesTest.rejectCookiesTest()[pri:0, instance:tests.CookiesTest@4f67eb2a] output={null}]]]>
              </value>
            </param>
          </params>
          <reporter-output>
          </reporter-output>
        </test-method> <!-- tearDown -->
      </class> <!-- tests.CookiesTest -->
    </test> <!-- Command line test -->
  </suite> <!-- Command line suite -->
</testng-results>
