<?xml version="1.0" encoding="UTF-8"?>
<!-- Generated by org.testng.reporters.JUnitReportReporter -->
<testsuite hostname="cogalk0" failures="0" tests="3" name="tests.CookiesTest" time="50.219" errors="0" timestamp="2026-02-12T16:37:57 IST" skipped="0">
  <testcase classname="tests.CookiesTest" name="rejectCookiesTest" time="20.385"/>
  <testcase classname="tests.CookiesTest" name="customCookiesTest" time="14.711"/>
  <testcase classname="tests.CookiesTest" name="acceptCookiesTest" time="15.123"/>
</testsuite> <!-- tests.CookiesTest -->
